Using pre-set license
Built from '2021.3/staging' branch; Version is '2021.3.16f1 (4016570cf34f) revision 4200023'; Using compiler version '192829333'; Build Type 'Release'
OS: 'Windows 10  (10.0.19044) 64bit Education' Language: 'en' Physical Memory: 16106 MB
BatchMode: 1, IsHumanControllingUs: 0, StartBugReporterOnCrash: 0, Is64bit: 1, IsPro: 1

COMMAND LINE ARGUMENTS:
C:\Users\k1824099\OneDrive\Unity\2021.3.16f1\Editor\Unity.exe
-adb2
-batchMode
-noUpm
-name
AssetImportWorker1
-projectPath
C:/Users/k1824099/Desktop/orb-gorb/orb-gorb
-logFile
Logs/AssetImportWorker1.log
-srvPort
52564
Successfully changed project path to: C:/Users/k1824099/Desktop/orb-gorb/orb-gorb
C:/Users/k1824099/Desktop/orb-gorb/orb-gorb
[UnityMemory] Configuration Parameters - Can be set up in boot.config
    "memorysetup-bucket-allocator-granularity=16"
    "memorysetup-bucket-allocator-bucket-count=8"
    "memorysetup-bucket-allocator-block-size=33554432"
    "memorysetup-bucket-allocator-block-count=8"
    "memorysetup-main-allocator-block-size=16777216"
    "memorysetup-thread-allocator-block-size=16777216"
    "memorysetup-gfx-main-allocator-block-size=16777216"
    "memorysetup-gfx-thread-allocator-block-size=16777216"
    "memorysetup-cache-allocator-block-size=4194304"
    "memorysetup-typetree-allocator-block-size=2097152"
    "memorysetup-profiler-bucket-allocator-granularity=16"
    "memorysetup-profiler-bucket-allocator-bucket-count=8"
    "memorysetup-profiler-bucket-allocator-block-size=33554432"
    "memorysetup-profiler-bucket-allocator-block-count=8"
    "memorysetup-profiler-allocator-block-size=16777216"
    "memorysetup-profiler-editor-allocator-block-size=1048576"
    "memorysetup-temp-allocator-size-main=16777216"
    "memorysetup-job-temp-allocator-block-size=2097152"
    "memorysetup-job-temp-allocator-block-size-background=1048576"
    "memorysetup-job-temp-allocator-reduction-small-platforms=262144"
    "memorysetup-temp-allocator-size-background-worker=32768"
    "memorysetup-temp-allocator-size-job-worker=262144"
    "memorysetup-temp-allocator-size-preload-manager=33554432"
    "memorysetup-temp-allocator-size-nav-mesh-worker=65536"
    "memorysetup-temp-allocator-size-audio-worker=65536"
    "memorysetup-temp-allocator-size-cloud-worker=32768"
    "memorysetup-temp-allocator-size-gi-baking-worker=262144"
    "memorysetup-temp-allocator-size-gfx=262144"
Player connection [22452] Host "[IP] 10.180.96.37 [Port] 0 [Flags] 2 [Guid] 3297157218 [EditorId] 3297157218 [Version] 1048832 [Id] WindowsEditor(7,T357547-2011L) [Debug] 1 [PackageName] WindowsEditor [ProjectName] Editor" joined multi-casting on [225.0.0.222:54997]...

Player connection [22452] Host "[IP] 10.180.96.37 [Port] 0 [Flags] 2 [Guid] 3297157218 [EditorId] 3297157218 [Version] 1048832 [Id] WindowsEditor(7,T357547-2011L) [Debug] 1 [PackageName] WindowsEditor [ProjectName] Editor" joined alternative multi-casting on [225.0.0.222:34997]...

Refreshing native plugins compatible for Editor in 83.06 ms, found 3 plugins.
Preloading 0 native plugins for Editor in 0.00 ms.
Initialize engine version: 2021.3.16f1 (4016570cf34f)
[Subsystems] Discovering subsystems at path C:/Users/k1824099/OneDrive/Unity/2021.3.16f1/Editor/Data/Resources/UnitySubsystems
[Subsystems] Discovering subsystems at path C:/Users/k1824099/Desktop/orb-gorb/orb-gorb/Assets
GfxDevice: creating device client; threaded=0; jobified=0
Direct3D:
    Version:  Direct3D 11.0 [level 11.1]
    Renderer: Intel(R) UHD Graphics 630 (ID=0x9bc5)
    Vendor:   Intel
    VRAM:     8053 MB
    Driver:   27.20.100.9664
Initialize mono
Mono path[0] = 'C:/Users/k1824099/OneDrive/Unity/2021.3.16f1/Editor/Data/Managed'
Mono path[1] = 'C:/Users/k1824099/OneDrive/Unity/2021.3.16f1/Editor/Data/MonoBleedingEdge/lib/mono/unityjit-win32'
Mono config path = 'C:/Users/k1824099/OneDrive/Unity/2021.3.16f1/Editor/Data/MonoBleedingEdge/etc'
Using monoOptions --debugger-agent=transport=dt_socket,embedding=1,server=y,suspend=n,address=127.0.0.1:56112
Begin MonoManager ReloadAssembly
Registering precompiled unity dll's ...
Register platform support module: C:/Users/k1824099/OneDrive/Unity/2021.3.16f1/Editor/Data/PlaybackEngines/WindowsStandaloneSupport/UnityEditor.WindowsStandalone.Extensions.dll
Registered in 0.008315 seconds.
Native extension for WindowsStandalone target not found
Refreshing native plugins compatible for Editor in 75.21 ms, found 3 plugins.
Preloading 0 native plugins for Editor in 0.00 ms.
Mono: successfully reloaded assembly
- Completed reload, in  0.641 seconds
Domain Reload Profiling:
	ReloadAssembly (642ms)
		BeginReloadAssembly (83ms)
			ExecutionOrderSort (0ms)
			DisableScriptedObjects (0ms)
			BackupInstance (0ms)
			ReleaseScriptingObjects (0ms)
			CreateAndSetChildDomain (1ms)
		EndReloadAssembly (439ms)
			LoadAssemblies (80ms)
			RebuildTransferFunctionScriptingTraits (0ms)
			SetupTypeCache (101ms)
			ReleaseScriptCaches (0ms)
			RebuildScriptCaches (28ms)
			SetupLoadedEditorAssemblies (261ms)
				LogAssemblyErrors (0ms)
				InitializePlatformSupportModulesInManaged (7ms)
				SetLoadedEditorAssemblies (0ms)
				RefreshPlugins (75ms)
				BeforeProcessingInitializeOnLoad (1ms)
				ProcessInitializeOnLoadAttributes (135ms)
				ProcessInitializeOnLoadMethodAttributes (42ms)
				AfterProcessingInitializeOnLoad (0ms)
				EditorAssembliesLoaded (0ms)
			ExecutionOrderSort2 (0ms)
			AwakeInstancesAfterBackupRestoration (0ms)
Platform modules already initialized, skipping
Registering precompiled user dll's ...
Registered in 0.009540 seconds.
Begin MonoManager ReloadAssembly
Symbol file LoadedFromMemory doesn't match image C:\Users\k1824099\Desktop\orb-gorb\orb-gorb\Library\PackageCache\com.unity.visualscripting@1.7.8\Editor\VisualScripting.Core\Dependencies\YamlDotNet\Unity.VisualScripting.YamlDotNet.dll
Symbol file LoadedFromMemory doesn't match image C:\Users\k1824099\Desktop\orb-gorb\orb-gorb\Library\PackageCache\com.unity.visualscripting@1.7.8\Editor\VisualScripting.Core\Dependencies\DotNetZip\Unity.VisualScripting.IonicZip.dll
Native extension for WindowsStandalone target not found
Refreshing native plugins compatible for Editor in 0.53 ms, found 3 plugins.
Preloading 0 native plugins for Editor in 0.00 ms.
Mono: successfully reloaded assembly
- Completed reload, in  1.081 seconds
Domain Reload Profiling:
	ReloadAssembly (1082ms)
		BeginReloadAssembly (112ms)
			ExecutionOrderSort (0ms)
			DisableScriptedObjects (6ms)
			BackupInstance (0ms)
			ReleaseScriptingObjects (0ms)
			CreateAndSetChildDomain (19ms)
		EndReloadAssembly (855ms)
			LoadAssemblies (105ms)
			RebuildTransferFunctionScriptingTraits (0ms)
			SetupTypeCache (284ms)
			ReleaseScriptCaches (1ms)
			RebuildScriptCaches (50ms)
			SetupLoadedEditorAssemblies (375ms)
				LogAssemblyErrors (0ms)
				InitializePlatformSupportModulesInManaged (6ms)
				SetLoadedEditorAssemblies (0ms)
				RefreshPlugins (1ms)
				BeforeProcessingInitializeOnLoad (90ms)
				ProcessInitializeOnLoadAttributes (246ms)
				ProcessInitializeOnLoadMethodAttributes (23ms)
				AfterProcessingInitializeOnLoad (9ms)
				EditorAssembliesLoaded (0ms)
			ExecutionOrderSort2 (0ms)
			AwakeInstancesAfterBackupRestoration (6ms)
Platform modules already initialized, skipping
========================================================================
Worker process is ready to serve import requests
Launched and connected shader compiler UnityShaderCompiler.exe after 0.06 seconds
Refreshing native plugins compatible for Editor in 0.56 ms, found 3 plugins.
Preloading 0 native plugins for Editor in 0.00 ms.
Unloading 3361 Unused Serialized files (Serialized files now loaded: 0)
Unloading 27 unused Assets / (113.7 KB). Loaded Objects now: 3818.
Memory consumption went from 115.8 MB to 115.6 MB.
Total: 4.066000 ms (FindLiveObjects: 0.330200 ms CreateObjectMapping: 0.246300 ms MarkObjects: 3.385600 ms  DeleteObjects: 0.103300 ms)

AssetImportParameters requested are different than current active one (requested -> active):
  custom:video-decoder-ogg-theora: a1e56fd34408186e4bbccfd4996cb3dc -> 
  custom:container-muxer-webm: aa71ff27fc2769a1b78a27578f13a17b -> 
  custom:container-demuxer-webm: 4f35f7cbe854078d1ac9338744f61a02 -> 
  custom:video-encoder-webm-vp8: eb34c28f22e8b96e1ab97ce403110664 -> 
  custom:audio-encoder-webm-vorbis: bf7c407c2cedff20999df2af8eb42d56 -> 
  custom:framework-win-MediaFoundation: 216162199b28c13a410421893ffa2e32 -> 
  custom:container-demuxer-ogg: 62fdf1f143b41e24485cea50d1cbac27 -> 
  custom:video-decoder-webm-vp8: 9c59270c3fd7afecdb556c50c9e8de78 -> 
  custom:audio-decoder-ogg-vorbis: bf7c407c2cedff20999df2af8eb42d56 -> 
========================================================================
Received Import Request.
  Time since last request: 408769.062831 seconds.
  path: Assets/HiRezSpaceshipsCreatorFree
  artifactKey: Guid(09f2e1c0c404c3949bc00cf155f002b8) Importer(815301076,1909f56bfc062723c751e8b465ee728b)
Start importing Assets/HiRezSpaceshipsCreatorFree using Guid(09f2e1c0c404c3949bc00cf155f002b8) Importer(815301076,1909f56bfc062723c751e8b465ee728b)  -> (artifact id: '403be9fa07b101da7c4099f7338737c1') in 0.007465 seconds 
========================================================================
Received Import Request.
  Time since last request: 0.000017 seconds.
  path: Assets/HiRezSpaceshipsCreatorFree/Materials/Cockpits
  artifactKey: Guid(3a588a2f37bb25c42b76669aecde4b05) Importer(815301076,1909f56bfc062723c751e8b465ee728b)
Start importing Assets/HiRezSpaceshipsCreatorFree/Materials/Cockpits using Guid(3a588a2f37bb25c42b76669aecde4b05) Importer(815301076,1909f56bfc062723c751e8b465ee728b)  -> (artifact id: '0a2ccfdf1405ebf5b0327a733d99c378') in 0.002782 seconds 
========================================================================
Received Import Request.
  Time since last request: 0.000035 seconds.
  path: Assets/HiRezSpaceshipsCreatorFree/Materials
  artifactKey: Guid(30cbf0e6c7eafad4e82fa9fe9336a96b) Importer(815301076,1909f56bfc062723c751e8b465ee728b)
Start importing Assets/HiRezSpaceshipsCreatorFree/Materials using Guid(30cbf0e6c7eafad4e82fa9fe9336a96b) Importer(815301076,1909f56bfc062723c751e8b465ee728b)  -> (artifact id: '6ba15d70f8beceb0dde759ce5459487e') in 0.002834 seconds 
========================================================================
Received Import Request.
  Time since last request: 2.357319 seconds.
  path: Assets/HiRezSpaceshipsCreatorFree/Materials/Cockpits/CockpitEquipments/CockpitEquipments_TargetScreens.mat
  artifactKey: Guid(acc1e4addf40628439f6ad5785c2801c) Importer(815301076,1909f56bfc062723c751e8b465ee728b)
Start importing Assets/HiRezSpaceshipsCreatorFree/Materials/Cockpits/CockpitEquipments/CockpitEquipments_TargetScreens.mat using Guid(acc1e4addf40628439f6ad5785c2801c) Importer(815301076,1909f56bfc062723c751e8b465ee728b)  -> (artifact id: 'b5a7ed2fc812d54e1bcd92c70b4d997c') in 0.385267 seconds 
========================================================================
Received Import Request.
  Time since last request: 9.708377 seconds.
  path: Assets/HiRezSpaceshipsCreatorFree/Materials/Cockpits/Grey/Cockpit3Grey_Glass.mat
  artifactKey: Guid(c2d4d25d7a5c2f64985560aea56fd939) Importer(815301076,1909f56bfc062723c751e8b465ee728b)
Start importing Assets/HiRezSpaceshipsCreatorFree/Materials/Cockpits/Grey/Cockpit3Grey_Glass.mat using Guid(c2d4d25d7a5c2f64985560aea56fd939) Importer(815301076,1909f56bfc062723c751e8b465ee728b)  -> (artifact id: '3cdd3b6eb74fd6da1ca8d7cba70d4ec5') in 0.406484 seconds 
========================================================================
Received Import Request.
  Time since last request: 4.858927 seconds.
  path: Assets/HiRezSpaceshipsCreatorFree/Materials/Cockpits/Red/Cockpit3Red_Glass.mat
  artifactKey: Guid(55fb9d2b73178064da1b364ca98598d4) Importer(815301076,1909f56bfc062723c751e8b465ee728b)
Start importing Assets/HiRezSpaceshipsCreatorFree/Materials/Cockpits/Red/Cockpit3Red_Glass.mat using Guid(55fb9d2b73178064da1b364ca98598d4) Importer(815301076,1909f56bfc062723c751e8b465ee728b)  -> (artifact id: '8adb5288c2f7c81154a5b1b5fced90b8') in 0.032295 seconds 
========================================================================
Received Import Request.
  Time since last request: 9.352931 seconds.
  path: Assets/HiRezSpaceshipsCreatorFree/Materials/MainBodies/Grey/MainBody13.mat
  artifactKey: Guid(0a54a06feeed96649a96e5f8a061fd04) Importer(815301076,1909f56bfc062723c751e8b465ee728b)
Start importing Assets/HiRezSpaceshipsCreatorFree/Materials/MainBodies/Grey/MainBody13.mat using Guid(0a54a06feeed96649a96e5f8a061fd04) Importer(815301076,1909f56bfc062723c751e8b465ee728b)  -> (artifact id: '0ab82aaa71a9506b8c92a3963634f4ff') in 0.259316 seconds 
========================================================================
Received Import Request.
  Time since last request: 11.799527 seconds.
  path: Assets/HiRezSpaceshipsCreatorFree/Prefabs/Examples/Example1_Red.prefab
  artifactKey: Guid(b90e0b5ced473594d8b3775f20a2aed1) Importer(815301076,1909f56bfc062723c751e8b465ee728b)
Start importing Assets/HiRezSpaceshipsCreatorFree/Prefabs/Examples/Example1_Red.prefab using Guid(b90e0b5ced473594d8b3775f20a2aed1) Importer(815301076,1909f56bfc062723c751e8b465ee728b)  -> (artifact id: '61caa040cb7f5b2dff5d649b7bcf727b') in 0.313903 seconds 
========================================================================
Received Import Request.
  Time since last request: 0.000055 seconds.
  path: Assets/HiRezSpaceshipsCreatorFree/Prefabs/Examples/Example2_Grey.prefab
  artifactKey: Guid(4ab2fc4928ff37746b26b549008cd60d) Importer(815301076,1909f56bfc062723c751e8b465ee728b)
Start importing Assets/HiRezSpaceshipsCreatorFree/Prefabs/Examples/Example2_Grey.prefab using Guid(4ab2fc4928ff37746b26b549008cd60d) Importer(815301076,1909f56bfc062723c751e8b465ee728b)  -> (artifact id: '741ae6be3d0b2c9c0ada5e52570af2f3') in 0.254773 seconds 
========================================================================
Received Import Request.
  Time since last request: 0.000037 seconds.
  path: Assets/HiRezSpaceshipsCreatorFree/Prefabs/Examples/Example5_Grey.prefab
  artifactKey: Guid(dbaff94d077d3c847b0a5840c0da435b) Importer(815301076,1909f56bfc062723c751e8b465ee728b)
Start importing Assets/HiRezSpaceshipsCreatorFree/Prefabs/Examples/Example5_Grey.prefab using Guid(dbaff94d077d3c847b0a5840c0da435b) Importer(815301076,1909f56bfc062723c751e8b465ee728b)  -> (artifact id: 'ad8ec7a38e31c263a058f2d8ca8e1092') in 0.189917 seconds 
========================================================================
Received Import Request.
  Time since last request: 0.000039 seconds.
  path: Assets/HiRezSpaceshipsCreatorFree/Prefabs/Examples/Example4_Grey.prefab
  artifactKey: Guid(e8b14dde53114d242b5dcad7698a44a7) Importer(815301076,1909f56bfc062723c751e8b465ee728b)
Start importing Assets/HiRezSpaceshipsCreatorFree/Prefabs/Examples/Example4_Grey.prefab using Guid(e8b14dde53114d242b5dcad7698a44a7) Importer(815301076,1909f56bfc062723c751e8b465ee728b)  -> (artifact id: 'a00f83cdae2f039de44754f9534d7f2b') in 0.284654 seconds 
========================================================================
Received Import Request.
  Time since last request: 0.792403 seconds.
  path: Assets/HiRezSpaceshipsCreatorFree/Prefabs/ExamplesNoInterior/Example1NoInterior_Red.prefab
  artifactKey: Guid(8b9e8529f42020f4dacf64553cb2203d) Importer(815301076,1909f56bfc062723c751e8b465ee728b)
Start importing Assets/HiRezSpaceshipsCreatorFree/Prefabs/ExamplesNoInterior/Example1NoInterior_Red.prefab using Guid(8b9e8529f42020f4dacf64553cb2203d) Importer(815301076,1909f56bfc062723c751e8b465ee728b)  -> (artifact id: 'c16b44ded1352b59a6b75d0abc987493') in 0.236317 seconds 
========================================================================
Received Import Request.
  Time since last request: 0.000098 seconds.
  path: Assets/HiRezSpaceshipsCreatorFree/Prefabs/ExamplesNoInterior/Example4NoInterior_Grey.prefab
  artifactKey: Guid(8d4e19a2324d72249a81ab7bcfad91a5) Importer(815301076,1909f56bfc062723c751e8b465ee728b)
Start importing Assets/HiRezSpaceshipsCreatorFree/Prefabs/ExamplesNoInterior/Example4NoInterior_Grey.prefab using Guid(8d4e19a2324d72249a81ab7bcfad91a5) Importer(815301076,1909f56bfc062723c751e8b465ee728b)  -> (artifact id: '145ffd83e464de91fba9410c7df1f9d9') in 0.213065 seconds 
========================================================================
Received Import Request.
  Time since last request: 0.000069 seconds.
  path: Assets/HiRezSpaceshipsCreatorFree/Prefabs/ExamplesNoInterior/Example3NoInterior_Red.prefab
  artifactKey: Guid(90d5c4eeecf7d3c41977a39408c2fe00) Importer(815301076,1909f56bfc062723c751e8b465ee728b)
Start importing Assets/HiRezSpaceshipsCreatorFree/Prefabs/ExamplesNoInterior/Example3NoInterior_Red.prefab using Guid(90d5c4eeecf7d3c41977a39408c2fe00) Importer(815301076,1909f56bfc062723c751e8b465ee728b)  -> (artifact id: '44d5d4817f1ff03d39203bf7efb19f1c') in 0.234640 seconds 
========================================================================
Received Import Request.
  Time since last request: 1.110950 seconds.
  path: Assets/HiRezSpaceshipsCreatorFree/Prefabs/Modules/Blaster.prefab
  artifactKey: Guid(b6362f50ca5d7b145ba56bc6c23080ee) Importer(815301076,1909f56bfc062723c751e8b465ee728b)
Start importing Assets/HiRezSpaceshipsCreatorFree/Prefabs/Modules/Blaster.prefab using Guid(b6362f50ca5d7b145ba56bc6c23080ee) Importer(815301076,1909f56bfc062723c751e8b465ee728b)  -> (artifact id: 'ef27d06e3190684ca4ca168273eea9f2') in 0.063767 seconds 
========================================================================
Received Import Request.
  Time since last request: 0.000025 seconds.
  path: Assets/HiRezSpaceshipsCreatorFree/Prefabs/Modules/Wing2_Mirrored.prefab
  artifactKey: Guid(7fe074f22a922d346abeef0a74266e0d) Importer(815301076,1909f56bfc062723c751e8b465ee728b)
Start importing Assets/HiRezSpaceshipsCreatorFree/Prefabs/Modules/Wing2_Mirrored.prefab using Guid(7fe074f22a922d346abeef0a74266e0d) Importer(815301076,1909f56bfc062723c751e8b465ee728b)  -> (artifact id: '59cfdacfdc82ae9670e744fcaebf1394') in 0.054582 seconds 
========================================================================
Received Import Request.
  Time since last request: 0.000035 seconds.
  path: Assets/HiRezSpaceshipsCreatorFree/Prefabs/Modules/MainBody13_Mirrored.prefab
  artifactKey: Guid(ae8be24f5c456934ab1808e9cec2c8ef) Importer(815301076,1909f56bfc062723c751e8b465ee728b)
Start importing Assets/HiRezSpaceshipsCreatorFree/Prefabs/Modules/MainBody13_Mirrored.prefab using Guid(ae8be24f5c456934ab1808e9cec2c8ef) Importer(815301076,1909f56bfc062723c751e8b465ee728b)  -> (artifact id: '51fbc76b5dde5f0f218feff0e9a90f93') in 0.053560 seconds 
========================================================================
Received Import Request.
  Time since last request: 0.000258 seconds.
  path: Assets/HiRezSpaceshipsCreatorFree/Prefabs/Modules/MainBody2.prefab
  artifactKey: Guid(1202b1e73ba4e0d468ce4000e6509541) Importer(815301076,1909f56bfc062723c751e8b465ee728b)
Start importing Assets/HiRezSpaceshipsCreatorFree/Prefabs/Modules/MainBody2.prefab using Guid(1202b1e73ba4e0d468ce4000e6509541) Importer(815301076,1909f56bfc062723c751e8b465ee728b)  -> (artifact id: '5b6848101deecd0d1fbc943c814c4ba3') in 0.068950 seconds 
========================================================================
Received Import Request.
  Time since last request: 0.000102 seconds.
  path: Assets/HiRezSpaceshipsCreatorFree/Prefabs/Modules/Wing6_Mirrored.prefab
  artifactKey: Guid(7295c3dc82e51b94d851c7608de0fe8c) Importer(815301076,1909f56bfc062723c751e8b465ee728b)
Start importing Assets/HiRezSpaceshipsCreatorFree/Prefabs/Modules/Wing6_Mirrored.prefab using Guid(7295c3dc82e51b94d851c7608de0fe8c) Importer(815301076,1909f56bfc062723c751e8b465ee728b)  -> (artifact id: 'c51583130f89561f2c0bcba3a247cb2d') in 0.043651 seconds 
========================================================================
Received Import Request.
  Time since last request: 0.000198 seconds.
  path: Assets/HiRezSpaceshipsCreatorFree/Prefabs/Modules/Cockpit3_WithoutInterior.prefab
  artifactKey: Guid(9e7f9a051631c1c4c8eaa31eb406ff68) Importer(815301076,1909f56bfc062723c751e8b465ee728b)
Start importing Assets/HiRezSpaceshipsCreatorFree/Prefabs/Modules/Cockpit3_WithoutInterior.prefab using Guid(9e7f9a051631c1c4c8eaa31eb406ff68) Importer(815301076,1909f56bfc062723c751e8b465ee728b)  -> (artifact id: '522e811605b5109d3cbccc9880049206') in 0.073153 seconds 
Editor requested this worker to shutdown with reason: Scaling down because of idle timeout
AssetImportWorker is now disconnected from the server
Process exiting
Exiting without the bug reporter. Application will terminate with return code 0